<?xml version="1.0" encoding="UTF-8"?>
<!-- Generated by org.testng.reporters.JUnitXMLReporter -->
<testsuite ignored="0" hostname="DESKTOP-OB8BAPB" failures="0" tests="3" name="Default test" time="0.11" errors="0" timestamp="2023-08-07T12:39:22 IST">
  <testcase classname="com.basics.testNG.TestNg_Annotations" name="Method1" time="0.009"/>
  <testcase classname="com.basics.testNG.TestNg_Annotations" name="Method2" time="0.002"/>
  <testcase classname="com.basics.testNG.TestNg_Annotations" name="Method3" time="0.005"/>
</testsuite> <!-- Default test -->
