<?xml version="1.0" encoding="UTF-8"?>
<!-- Generated by org.testng.reporters.JUnitXMLReporter -->
<testsuite ignored="0" hostname="DESKTOP-OB8BAPB" failures="0" tests="4" name="Default test" time="31.027" errors="0" timestamp="2023-08-16T16:58:26 IST">
  <testcase classname="com.testNG.ReadExcelByDataProvider" name="fetchData" time="4.867"/>
  <testcase classname="com.testNG.ReadExcelByDataProvider" name="fetchData" time="4.523"/>
  <testcase classname="com.testNG.ReadExcelByDataProvider" name="fetchData" time="4.832"/>
  <testcase classname="com.testNG.ReadExcelByDataProvider" name="fetchData" time="4.66"/>
</testsuite> <!-- Default test -->
