<?xml version="1.0" encoding="UTF-8"?>
<!-- Generated by org.testng.reporters.JUnitXMLReporter -->
<testsuite ignored="3" hostname="DESKTOP-OB8BAPB" failures="0" tests="1" name="SanityTest" time="0.083" errors="0" timestamp="2023-08-09T12:18:24 IST">
  <testcase classname="com.testNG.TestNg_Group1" name="testCase2" time="0.008"/>
  <testcase classname="com.testNG.TestNg_Group1" name="testCase1" time="0.0">
    <ignored/>
  </testcase> <!-- testCase1 -->
  <testcase classname="com.testNG.TestNg_Group1" name="testCase3" time="0.0">
    <ignored/>
  </testcase> <!-- testCase3 -->
  <testcase classname="com.testNG.TestNg_Group1" name="testCase4" time="0.0">
    <ignored/>
  </testcase> <!-- testCase4 -->
</testsuite> <!-- SanityTest -->
