<?xml version="1.0" encoding="UTF-8"?>
<!-- Generated by org.testng.reporters.JUnitXMLReporter -->
<testsuite ignored="2" hostname="DESKTOP-OB8BAPB" failures="0" tests="2" name="SmokeTest" time="0.013" errors="0" timestamp="2023-08-09T12:18:24 IST">
  <testcase classname="com.testNG.TestNg_Group2" name="testCase7" time="0.001"/>
  <testcase classname="com.testNG.TestNg_Group2" name="testCase8" time="0.002"/>
  <testcase classname="com.testNG.TestNg_Group2" name="testCase5" time="0.0">
    <ignored/>
  </testcase> <!-- testCase5 -->
  <testcase classname="com.testNG.TestNg_Group2" name="testCase6" time="0.0">
    <ignored/>
  </testcase> <!-- testCase6 -->
</testsuite> <!-- SmokeTest -->
