<?xml version="1.0" encoding="UTF-8"?>
<!-- Generated by org.testng.reporters.JUnitXMLReporter -->
<testsuite ignored="2" hostname="DESKTOP-OB8BAPB" failures="0" tests="2" name="Test1" time="0.079" errors="0" timestamp="2023-08-09T12:22:34 IST">
  <testcase classname="com.testNG.TestNg_Group1" name="testCase3" time="0.006"/>
  <testcase classname="com.testNG.TestNg_Group1" name="testCase4" time="0.003"/>
  <testcase classname="com.testNG.TestNg_Group1" name="testCase1" time="0.0">
    <ignored/>
  </testcase> <!-- testCase1 -->
  <testcase classname="com.testNG.TestNg_Group1" name="testCase2" time="0.0">
    <ignored/>
  </testcase> <!-- testCase2 -->
</testsuite> <!-- Test1 -->
