<?xml version="1.0" encoding="UTF-8"?>
<!-- Generated by org.testng.reporters.JUnitXMLReporter -->
<testsuite ignored="8" hostname="DESKTOP-OB8BAPB" failures="0" tests="0" time="0.017" errors="0" timestamp="2023-08-09T12:07:16 IST">
  <testcase classname="com.basics.testNG.TestNg_Groups1" name="testCase4" time="0.0">
    <ignored/>
  </testcase> <!-- testCase4 -->
  <testcase classname="com.basics.testNG.TestNg_Groups1" name="testCase3" time="0.0">
    <ignored/>
  </testcase> <!-- testCase3 -->
  <testcase classname="com.basics.testNG.TestNg_Groups1" name="testCase2" time="0.0">
    <ignored/>
  </testcase> <!-- testCase2 -->
  <testcase classname="com.basics.testNG.TestNg_Group2" name="testCase5" time="0.0">
    <ignored/>
  </testcase> <!-- testCase5 -->
  <testcase classname="com.basics.testNG.TestNg_Groups1" name="testCase1" time="0.0">
    <ignored/>
  </testcase> <!-- testCase1 -->
  <testcase classname="com.basics.testNG.TestNg_Group2" name="testCase6" time="0.0">
    <ignored/>
  </testcase> <!-- testCase6 -->
  <testcase classname="com.basics.testNG.TestNg_Group2" name="testCase7" time="0.0">
    <ignored/>
  </testcase> <!-- testCase7 -->
  <testcase classname="com.basics.testNG.TestNg_Group2" name="testCase8" time="0.0">
    <ignored/>
  </testcase> <!-- testCase8 -->
</testsuite>
