<?xml version="1.0" encoding="UTF-8"?>
<!-- Generated by org.testng.reporters.JUnitXMLReporter -->
<testsuite ignored="3" hostname="DESKTOP-OB8BAPB" failures="0" tests="1" name="Test2" time="0.011" errors="0" timestamp="2023-08-09T12:22:34 IST">
  <testcase classname="com.testNG.TestNg_Group2" name="testCase6" time="0.003"/>
  <testcase classname="com.testNG.TestNg_Group2" name="testCase8" time="0.0">
    <ignored/>
  </testcase> <!-- testCase8 -->
  <testcase classname="com.testNG.TestNg_Group2" name="testCase7" time="0.0">
    <ignored/>
  </testcase> <!-- testCase7 -->
  <testcase classname="com.testNG.TestNg_Group2" name="testCase5" time="0.0">
    <ignored/>
  </testcase> <!-- testCase5 -->
</testsuite> <!-- Test2 -->
