<?xml version="1.0" encoding="UTF-8"?>
<testng-results ignored="0" total="3" passed="3" failed="0" skipped="0">
  <reporter-output>
  </reporter-output>
  <suite started-at="2023-08-09T12:22:34 IST" name="Suite" finished-at="2023-08-09T12:22:34 IST" duration-ms="211">
    <groups>
      <group name="regression">
        <method signature="TestNg_Group1.testCase3()[pri:0, instance:com.testNG.TestNg_Group1@4145bad8]" name="testCase3" class="com.testNG.TestNg_Group1"/>
        <method signature="TestNg_Group1.testCase4()[pri:0, instance:com.testNG.TestNg_Group1@4145bad8]" name="testCase4" class="com.testNG.TestNg_Group1"/>
      </group> <!-- regression -->
      <group name="smoke">
        <method signature="TestNg_Group2.testCase6()[pri:0, instance:com.testNG.TestNg_Group2@5386659f]" name="testCase6" class="com.testNG.TestNg_Group2"/>
      </group> <!-- smoke -->
    </groups>
    <test started-at="2023-08-09T12:22:34 IST" name="Test1" finished-at="2023-08-09T12:22:34 IST" duration-ms="79">
      <class name="com.testNG.TestNg_Group1">
        <test-method is-config="true" signature="beforeMethod()[pri:0, instance:com.testNG.TestNg_Group1@4145bad8]" started-at="2023-08-09T12:22:34 IST" name="beforeMethod" finished-at="2023-08-09T12:22:34 IST" duration-ms="9" status="PASS">
          <reporter-output>
          </reporter-output>
        </test-method> <!-- beforeMethod -->
        <test-method signature="testCase3()[pri:0, instance:com.testNG.TestNg_Group1@4145bad8]" started-at="2023-08-09T12:22:34 IST" name="testCase3" finished-at="2023-08-09T12:22:34 IST" duration-ms="6" status="PASS">
          <reporter-output>
          </reporter-output>
        </test-method> <!-- testCase3 -->
        <test-method is-config="true" signature="afterMethod()[pri:0, instance:com.testNG.TestNg_Group1@4145bad8]" started-at="2023-08-09T12:22:34 IST" name="afterMethod" finished-at="2023-08-09T12:22:34 IST" duration-ms="0" status="PASS">
          <reporter-output>
          </reporter-output>
        </test-method> <!-- afterMethod -->
        <test-method is-config="true" signature="beforeMethod()[pri:0, instance:com.testNG.TestNg_Group1@4145bad8]" started-at="2023-08-09T12:22:34 IST" name="beforeMethod" finished-at="2023-08-09T12:22:34 IST" duration-ms="1" status="PASS">
          <reporter-output>
          </reporter-output>
        </test-method> <!-- beforeMethod -->
        <test-method signature="testCase4()[pri:0, instance:com.testNG.TestNg_Group1@4145bad8]" started-at="2023-08-09T12:22:34 IST" name="testCase4" finished-at="2023-08-09T12:22:34 IST" duration-ms="3" status="PASS">
          <reporter-output>
          </reporter-output>
        </test-method> <!-- testCase4 -->
        <test-method is-config="true" signature="afterMethod()[pri:0, instance:com.testNG.TestNg_Group1@4145bad8]" started-at="2023-08-09T12:22:34 IST" name="afterMethod" finished-at="2023-08-09T12:22:34 IST" duration-ms="1" status="PASS">
          <reporter-output>
          </reporter-output>
        </test-method> <!-- afterMethod -->
      </class> <!-- com.testNG.TestNg_Group1 -->
    </test> <!-- Test1 -->
    <test started-at="2023-08-09T12:22:34 IST" name="Test2" finished-at="2023-08-09T12:22:34 IST" duration-ms="11">
      <class name="com.testNG.TestNg_Group2">
        <test-method is-config="true" signature="beforeMethod()[pri:0, instance:com.testNG.TestNg_Group2@5386659f]" started-at="2023-08-09T12:22:34 IST" name="beforeMethod" finished-at="2023-08-09T12:22:34 IST" duration-ms="0" status="PASS">
          <reporter-output>
          </reporter-output>
        </test-method> <!-- beforeMethod -->
        <test-method signature="testCase6()[pri:0, instance:com.testNG.TestNg_Group2@5386659f]" started-at="2023-08-09T12:22:34 IST" name="testCase6" finished-at="2023-08-09T12:22:34 IST" duration-ms="3" status="PASS">
          <reporter-output>
          </reporter-output>
        </test-method> <!-- testCase6 -->
        <test-method is-config="true" signature="afterMethod()[pri:0, instance:com.testNG.TestNg_Group2@5386659f]" started-at="2023-08-09T12:22:34 IST" name="afterMethod" finished-at="2023-08-09T12:22:34 IST" duration-ms="1" status="PASS">
          <reporter-output>
          </reporter-output>
        </test-method> <!-- afterMethod -->
      </class> <!-- com.testNG.TestNg_Group2 -->
    </test> <!-- Test2 -->
  </suite> <!-- Suite -->
</testng-results>
