<?xml version="1.0" encoding="UTF-8"?>
<testng-results ignored="0" total="3" passed="3" failed="0" skipped="0">
  <reporter-output>
  </reporter-output>
  <suite started-at="2023-08-07T12:39:22 IST" name="Default suite" finished-at="2023-08-07T12:39:22 IST" duration-ms="110">
    <groups>
    </groups>
    <test started-at="2023-08-07T12:39:22 IST" name="Default test" finished-at="2023-08-07T12:39:22 IST" duration-ms="110">
      <class name="com.basics.testNG.TestNg_Annotations">
        <test-method is-config="true" signature="beforeSuite()[pri:0, instance:com.basics.testNG.TestNg_Annotations@2af004b]" started-at="2023-08-07T12:39:22 IST" name="beforeSuite" finished-at="2023-08-07T12:39:22 IST" duration-ms="20" status="PASS">
          <reporter-output>
          </reporter-output>
        </test-method> <!-- beforeSuite -->
        <test-method is-config="true" signature="beforeTest()[pri:0, instance:com.basics.testNG.TestNg_Annotations@2af004b]" started-at="2023-08-07T12:39:22 IST" name="beforeTest" finished-at="2023-08-07T12:39:22 IST" duration-ms="1" status="PASS">
          <reporter-output>
          </reporter-output>
        </test-method> <!-- beforeTest -->
        <test-method is-config="true" signature="beforeClass()[pri:0, instance:com.basics.testNG.TestNg_Annotations@2af004b]" started-at="2023-08-07T12:39:22 IST" name="beforeClass" finished-at="2023-08-07T12:39:22 IST" duration-ms="3" status="PASS">
          <reporter-output>
          </reporter-output>
        </test-method> <!-- beforeClass -->
        <test-method is-config="true" signature="beforeMethod()[pri:0, instance:com.basics.testNG.TestNg_Annotations@2af004b]" started-at="2023-08-07T12:39:22 IST" name="beforeMethod" finished-at="2023-08-07T12:39:22 IST" duration-ms="1" status="PASS">
          <reporter-output>
          </reporter-output>
        </test-method> <!-- beforeMethod -->
        <test-method signature="Method1()[pri:0, instance:com.basics.testNG.TestNg_Annotations@2af004b]" started-at="2023-08-07T12:39:22 IST" name="Method1" finished-at="2023-08-07T12:39:22 IST" duration-ms="9" status="PASS">
          <reporter-output>
          </reporter-output>
        </test-method> <!-- Method1 -->
        <test-method is-config="true" signature="afterMethod()[pri:0, instance:com.basics.testNG.TestNg_Annotations@2af004b]" started-at="2023-08-07T12:39:22 IST" name="afterMethod" finished-at="2023-08-07T12:39:22 IST" duration-ms="1" status="PASS">
          <reporter-output>
          </reporter-output>
        </test-method> <!-- afterMethod -->
        <test-method is-config="true" signature="beforeMethod()[pri:0, instance:com.basics.testNG.TestNg_Annotations@2af004b]" started-at="2023-08-07T12:39:22 IST" name="beforeMethod" finished-at="2023-08-07T12:39:22 IST" duration-ms="3" status="PASS">
          <reporter-output>
          </reporter-output>
        </test-method> <!-- beforeMethod -->
        <test-method signature="Method2()[pri:0, instance:com.basics.testNG.TestNg_Annotations@2af004b]" started-at="2023-08-07T12:39:22 IST" name="Method2" finished-at="2023-08-07T12:39:22 IST" duration-ms="2" status="PASS">
          <reporter-output>
          </reporter-output>
        </test-method> <!-- Method2 -->
        <test-method is-config="true" signature="afterMethod()[pri:0, instance:com.basics.testNG.TestNg_Annotations@2af004b]" started-at="2023-08-07T12:39:22 IST" name="afterMethod" finished-at="2023-08-07T12:39:22 IST" duration-ms="0" status="PASS">
          <reporter-output>
          </reporter-output>
        </test-method> <!-- afterMethod -->
        <test-method is-config="true" signature="beforeMethod()[pri:0, instance:com.basics.testNG.TestNg_Annotations@2af004b]" started-at="2023-08-07T12:39:22 IST" name="beforeMethod" finished-at="2023-08-07T12:39:22 IST" duration-ms="1" status="PASS">
          <reporter-output>
          </reporter-output>
        </test-method> <!-- beforeMethod -->
        <test-method signature="Method3()[pri:0, instance:com.basics.testNG.TestNg_Annotations@2af004b]" started-at="2023-08-07T12:39:22 IST" name="Method3" finished-at="2023-08-07T12:39:22 IST" duration-ms="5" status="PASS">
          <reporter-output>
          </reporter-output>
        </test-method> <!-- Method3 -->
        <test-method is-config="true" signature="afterMethod()[pri:0, instance:com.basics.testNG.TestNg_Annotations@2af004b]" started-at="2023-08-07T12:39:22 IST" name="afterMethod" finished-at="2023-08-07T12:39:22 IST" duration-ms="1" status="PASS">
          <reporter-output>
          </reporter-output>
        </test-method> <!-- afterMethod -->
        <test-method is-config="true" signature="afterClass()[pri:0, instance:com.basics.testNG.TestNg_Annotations@2af004b]" started-at="2023-08-07T12:39:22 IST" name="afterClass" finished-at="2023-08-07T12:39:22 IST" duration-ms="2" status="PASS">
          <reporter-output>
          </reporter-output>
        </test-method> <!-- afterClass -->
        <test-method is-config="true" signature="afterTest()[pri:0, instance:com.basics.testNG.TestNg_Annotations@2af004b]" started-at="2023-08-07T12:39:22 IST" name="afterTest" finished-at="2023-08-07T12:39:22 IST" duration-ms="3" status="PASS">
          <reporter-output>
          </reporter-output>
        </test-method> <!-- afterTest -->
        <test-method is-config="true" signature="afterSuite()[pri:0, instance:com.basics.testNG.TestNg_Annotations@2af004b]" started-at="2023-08-07T12:39:22 IST" name="afterSuite" finished-at="2023-08-07T12:39:22 IST" duration-ms="1" status="PASS">
          <reporter-output>
          </reporter-output>
        </test-method> <!-- afterSuite -->
      </class> <!-- com.basics.testNG.TestNg_Annotations -->
    </test> <!-- Default test -->
  </suite> <!-- Default suite -->
</testng-results>
